<?xml version="1.0" encoding="UTF-8"?>
<!-- Generated by org.testng.reporters.JUnitReportReporter -->
<testsuite skipped="0" hostname="Sairams-MBP" name="TestCases.TC_001" tests="1" failures="0" timestamp="27 Jul 2019 05:50:47 GMT" time="6.884" errors="0">
  <testcase name="setup" time="6.884" classname="TestCases.TC_001"/>
</testsuite> <!-- TestCases.TC_001 -->
